SF:../src/client/lib/features/project_shell/core/exceptions/project_shell_exceptions.dart
DA:6,2
DA:13,2
DA:14,6
DA:15,2
DA:16,2
DA:24,0
DA:25,0
DA:28,0
DA:33,1
DA:34,1
DA:37,1
DA:40,0
DA:47,0
DA:48,0
DA:50,0
DA:56,1
DA:57,2
DA:59,0
DA:66,0
DA:70,0
DA:75,0
DA:82,0
DA:86,0
DA:91,0
DA:98,0
DA:99,0
DA:101,0
DA:104,0
DA:110,0
DA:111,0
DA:113,0
DA:116,0
DA:123,0
DA:124,0
DA:126,0
DA:129,0
LF:36
LH:10
end_of_record
SF:../src/client/lib/features/project_shell/core/security/path_validator.dart
DA:15,1
DA:20,1
DA:23,1
DA:24,1
DA:25,1
DA:30,2
DA:31,1
DA:32,1
DA:33,1
DA:39,2
DA:40,1
DA:46,2
DA:49,1
DA:50,0
DA:59,0
DA:60,0
DA:61,0
DA:64,0
DA:65,0
DA:69,0
DA:70,0
DA:75,0
DA:77,0
DA:79,0
DA:81,0
DA:84,0
DA:88,0
DA:89,0
DA:90,0
LF:29
LH:13
end_of_record
SF:../src/client/lib/features/project_shell/domain/entities/file_node.dart
DA:5,2
DA:19,1
DA:20,6
DA:21,2
DA:22,2
DA:24,1
DA:28,4
DA:31,10
DA:34,1
DA:35,2
DA:36,4
DA:40,3
DA:42,1
DA:44,5
DA:46,1
DA:49,7
DA:51,1
DA:52,2
LF:18
LH:18
end_of_record
SF:../src/client/lib/features/project_shell/domain/entities/project.dart
DA:40,1
DA:51,0
DA:52,0
DA:57,1
DA:58,1
DA:59,0
DA:68,0
DA:75,0
DA:76,0
DA:77,0
DA:78,0
DA:79,0
DA:80,0
DA:84,1
DA:86,5
DA:88,1
DA:91,1
DA:92,3
DA:93,3
DA:94,3
DA:95,3
DA:97,1
DA:98,8
LF:23
LH:13
end_of_record
SF:../src/client/lib/features/project_shell/domain/use_cases/directory_tree_use_case.dart
DA:7,1
DA:8,1
DA:9,1
DA:10,1
DA:11,1
DA:16,0
DA:18,0
DA:19,0
DA:24,0
DA:25,0
DA:26,0
DA:31,0
DA:35,0
DA:36,0
DA:41,0
DA:43,0
DA:44,0
DA:45,0
DA:51,0
DA:56,0
DA:58,0
DA:59,0
DA:60,0
DA:61,0
DA:66,0
DA:67,0
DA:68,0
DA:69,0
DA:70,0
LF:29
LH:5
end_of_record
SF:../src/client/lib/features/project_shell/domain/use_cases/project_validation_use_case.dart
DA:7,3
DA:10,1
DA:11,2
DA:15,1
DA:16,1
DA:17,1
LF:6
LH:6
end_of_record
SF:../src/client/lib/features/project_shell/domain/use_cases/file_search_use_case.dart
DA:10,1
DA:11,1
DA:12,2
DA:13,2
DA:14,0
DA:17,1
DA:18,1
DA:19,1
DA:20,2
DA:24,1
DA:28,1
DA:29,1
DA:30,1
DA:35,1
DA:36,1
DA:37,1
DA:39,2
DA:40,1
DA:41,3
DA:42,1
DA:45,1
DA:50,2
DA:51,2
DA:52,1
DA:53,3
DA:54,3
DA:55,1
DA:57,3
DA:58,0
DA:63,1
DA:68,2
DA:69,4
DA:70,1
DA:72,3
DA:73,0
LF:35
LH:32
end_of_record
